2019-05-12 15:39:03,805 INFO j.d.c.s.ApplicationMain#logStarting [main] Starting ApplicationMain on DESKTOP-S7E5EAQ with PID 16008 (C:\Users\t-tak\IdeaProjects\trmgrtest\build\classes\java\main started by t-tak in C:\Users\t-tak\IdeaProjects\trmgrtest)
2019-05-12 15:39:03,810 INFO j.d.c.s.ApplicationMain#logStartupProfileInfo [main] No active profile set, falling back to default profiles: default
2019-05-12 15:39:04,827 DEBUG o.s.j.d.DriverManagerDataSource#setDriverClassName [main] Loaded JDBC driver: org.h2.Driver
2019-05-12 15:39:05,294 INFO c.a.j.AbstractDataSourceBean#logInfo [main] AtomikosDataSoureBean 'XaDb1DataSource': init...
2019-05-12 15:39:05,295 WARN c.a.j.AbstractDataSourceBean#logWarning [main] AtomikosDataSoureBean 'XaDb1DataSource': poolSize equals default - this may cause performance problems!
2019-05-12 15:39:05,297 INFO c.a.j.AtomikosDataSourceBean#logInfo [main] AtomikosDataSoureBean 'XaDb1DataSource': initializing with [ xaDataSourceClassName=oracle.jdbc.xa.client.OracleXADataSource, uniqueResourceName=XaDb1DataSource, maxPoolSize=1, minPoolSize=1, borrowConnectionTimeout=30, maxIdleTime=60, reapTimeout=0, maintenanceInterval=60, testQuery=select 1 from dual, xaProperties=[password=MYTEST,user=MYTEST,URL=jdbc:oracle:thin:@//localhost:1521/xepdb1], loginTimeout=0, maxLifetime=20000]
2019-05-12 15:39:06,020 INFO c.a.j.AbstractDataSourceBean#logInfo [main] AtomikosDataSoureBean 'XaDb2DataSource': init...
2019-05-12 15:39:06,020 WARN c.a.j.AbstractDataSourceBean#logWarning [main] AtomikosDataSoureBean 'XaDb2DataSource': poolSize equals default - this may cause performance problems!
2019-05-12 15:39:06,021 INFO c.a.j.AtomikosDataSourceBean#logInfo [main] AtomikosDataSoureBean 'XaDb2DataSource': initializing with [ xaDataSourceClassName=com.ibm.db2.jcc.DB2XADataSource, uniqueResourceName=XaDb2DataSource, maxPoolSize=1, minPoolSize=1, borrowConnectionTimeout=30, maxIdleTime=60, reapTimeout=0, maintenanceInterval=60, testQuery=select 1 from sysibm.dual, xaProperties=[password=db2admin,databaseName=SAMPLE,serverName=localhost,user=db2admin,portNumber=50000,driverType=4], loginTimeout=0, maxLifetime=20000]
2019-05-12 15:39:06,373 INFO c.a.j.AbstractDataSourceBean#logInfo [main] AtomikosDataSoureBean 'XaDb3DataSource': init...
2019-05-12 15:39:06,373 WARN c.a.j.AbstractDataSourceBean#logWarning [main] AtomikosDataSoureBean 'XaDb3DataSource': poolSize equals default - this may cause performance problems!
2019-05-12 15:39:06,373 INFO c.a.j.AtomikosDataSourceBean#logInfo [main] AtomikosDataSoureBean 'XaDb3DataSource': initializing with [ xaDataSourceClassName=org.h2.jdbcx.JdbcDataSource, uniqueResourceName=XaDb3DataSource, maxPoolSize=1, minPoolSize=1, borrowConnectionTimeout=30, maxIdleTime=60, reapTimeout=0, maintenanceInterval=60, testQuery=null, xaProperties=[password=,user=sa,URL=jdbc:h2:./.h2db/xatestdb;DB_CLOSE_DELAY=-1;DB_CLOSE_ON_EXIT=FALSE], loginTimeout=0, maxLifetime=20000]
2019-05-12 15:39:06,647 INFO j.d.c.s.c.XaTransactionConfig#userTransactionService [main] ### atomikosProperties : {com.atomikos.icatch.tm_unique_name=192.168.100.14.atomikos.tm, com.atomikos.icatch.default_jta_timeout=10000, com.atomikos.icatch.serial_jta_transactions=true, com.atomikos.icatch.oltp_retry_interval=10000, com.atomikos.icatch.checkpoint_interval=500, com.atomikos.icatch.force_shutdown_on_vm_exit=false, com.atomikos.icatch.enable_logging=true, com.atomikos.icatch.max_timeout=300000, com.atomikos.icatch.oltp_max_retries=5, com.atomikos.icatch.log_base_dir=C:\Users\t-tak\IdeaProjects\trmgrtest\transaction-logs, com.atomikos.icatch.allow_subtransactions=true, com.atomikos.icatch.log_base_name=tmlog, com.atomikos.icatch.default_max_wait_time_on_shutdown=9223372036854775807, com.atomikos.icatch.forget_orphaned_log_entries_delay=86400000, com.atomikos.icatch.threaded_2pc=false, com.atomikos.icatch.recovery_delay=10001, com.atomikos.icatch.max_actives=50}
2019-05-12 15:39:06,654 INFO c.a.i.p.i.AssemblerImp#logInfo [main] Loaded jar:file:/C:/Users/t-tak/.gradle/caches/modules-2/files-2.1/com.atomikos/transactions/4.0.6/1ae19829fd88f5467f45dd1bd9713473f008ff53/transactions-4.0.6.jar!/transactions-defaults.properties
2019-05-12 15:39:06,657 WARN c.a.i.p.i.AssemblerImp#logWarning [main] Thanks for using Atomikos! Evaluate http://www.atomikos.com/Main/ExtremeTransactions for advanced features and professional support
or register at http://www.atomikos.com/Main/RegisterYourDownload to disable this message and receive FREE tips & advice
2019-05-12 15:39:06,667 INFO c.a.i.p.i.AssemblerImp#logInfo [main] USING: com.atomikos.icatch.oltp_max_retries = 5
2019-05-12 15:39:06,667 INFO c.a.i.p.i.AssemblerImp#logInfo [main] USING: com.atomikos.icatch.log_base_dir = C:\Users\t-tak\IdeaProjects\trmgrtest\transaction-logs
2019-05-12 15:39:06,667 INFO c.a.i.p.i.AssemblerImp#logInfo [main] USING: com.atomikos.icatch.tm_unique_name = 192.168.100.14.atomikos.tm
2019-05-12 15:39:06,668 INFO c.a.i.p.i.AssemblerImp#logInfo [main] USING: com.atomikos.icatch.default_jta_timeout = 10000
2019-05-12 15:39:06,668 INFO c.a.i.p.i.AssemblerImp#logInfo [main] USING: com.atomikos.icatch.serial_jta_transactions = true
2019-05-12 15:39:06,668 INFO c.a.i.p.i.AssemblerImp#logInfo [main] USING: com.atomikos.icatch.allow_subtransactions = true
2019-05-12 15:39:06,668 INFO c.a.i.p.i.AssemblerImp#logInfo [main] USING: com.atomikos.icatch.automatic_resource_registration = true
2019-05-12 15:39:06,668 INFO c.a.i.p.i.AssemblerImp#logInfo [main] USING: java.naming.factory.initial = com.sun.jndi.rmi.registry.RegistryContextFactory
2019-05-12 15:39:06,669 INFO c.a.i.p.i.AssemblerImp#logInfo [main] USING: com.atomikos.icatch.log_base_name = tmlog
2019-05-12 15:39:06,669 INFO c.a.i.p.i.AssemblerImp#logInfo [main] USING: com.atomikos.icatch.oltp_retry_interval = 10000
2019-05-12 15:39:06,669 INFO c.a.i.p.i.AssemblerImp#logInfo [main] USING: java.naming.provider.url = rmi://localhost:1099
2019-05-12 15:39:06,669 INFO c.a.i.p.i.AssemblerImp#logInfo [main] USING: com.atomikos.icatch.checkpoint_interval = 500
2019-05-12 15:39:06,669 INFO c.a.i.p.i.AssemblerImp#logInfo [main] USING: com.atomikos.icatch.default_max_wait_time_on_shutdown = 9223372036854775807
2019-05-12 15:39:06,670 INFO c.a.i.p.i.AssemblerImp#logInfo [main] USING: com.atomikos.icatch.client_demarcation = false
2019-05-12 15:39:06,670 INFO c.a.i.p.i.AssemblerImp#logInfo [main] USING: com.atomikos.icatch.forget_orphaned_log_entries_delay = 86400000
2019-05-12 15:39:06,670 INFO c.a.i.p.i.AssemblerImp#logInfo [main] USING: com.atomikos.icatch.trust_client_tm = false
2019-05-12 15:39:06,670 INFO c.a.i.p.i.AssemblerImp#logInfo [main] USING: com.atomikos.icatch.force_shutdown_on_vm_exit = false
2019-05-12 15:39:06,671 INFO c.a.i.p.i.AssemblerImp#logInfo [main] USING: com.atomikos.icatch.rmi_export_class = none
2019-05-12 15:39:06,671 INFO c.a.i.p.i.AssemblerImp#logInfo [main] USING: com.atomikos.icatch.enable_logging = true
2019-05-12 15:39:06,671 INFO c.a.i.p.i.AssemblerImp#logInfo [main] USING: com.atomikos.icatch.max_timeout = 300000
2019-05-12 15:39:06,671 INFO c.a.i.p.i.AssemblerImp#logInfo [main] USING: com.atomikos.icatch.threaded_2pc = false
2019-05-12 15:39:06,671 INFO c.a.i.p.i.AssemblerImp#logInfo [main] USING: com.atomikos.icatch.recovery_delay = 10001
2019-05-12 15:39:06,672 INFO c.a.i.p.i.AssemblerImp#logInfo [main] USING: com.atomikos.icatch.max_actives = 50
2019-05-12 15:39:06,673 INFO c.a.i.p.i.AssemblerImp#logInfo [main] Using default (local) logging and recovery...
2019-05-12 15:39:06,778 INFO c.a.d.x.XATransactionalResource#logInfo [main] XaDb1DataSource: refreshed XAResource
2019-05-12 15:39:06,908 INFO c.a.d.x.XATransactionalResource#logInfo [main] XaDb2DataSource: refreshed XAResource
2019-05-12 15:39:06,910 INFO c.a.d.x.XATransactionalResource#logInfo [main] XaDb3DataSource: refreshed XAResource
2019-05-12 15:39:06,952 DEBUG o.s.t.j.JtaTransactionManager#checkUserTransactionAndTransactionManager [main] Using JTA UserTransaction: com.atomikos.icatch.jta.UserTransactionImp@7c4d1c7b
2019-05-12 15:39:06,952 DEBUG o.s.t.j.JtaTransactionManager#checkUserTransactionAndTransactionManager [main] Using JTA TransactionManager: com.atomikos.icatch.jta.UserTransactionManager@7893c715
2019-05-12 15:39:06,967 INFO j.d.c.s.c.BatchBaseConfig#initialize [main] ### Initialize Map based JobRepository ###
2019-05-12 15:39:06,973 DEBUG o.s.t.i.NameMatchTransactionAttributeSource#addTransactionalMethod [main] Adding transactional method [*] with attribute [PROPAGATION_REQUIRED,ISOLATION_DEFAULT]
2019-05-12 15:39:06,973 DEBUG o.s.t.i.NameMatchTransactionAttributeSource#addTransactionalMethod [main] Adding transactional method [create*] with attribute [PROPAGATION_REQUIRES_NEW,ISOLATION_SERIALIZABLE]
2019-05-12 15:39:06,974 DEBUG o.s.t.i.NameMatchTransactionAttributeSource#addTransactionalMethod [main] Adding transactional method [getLastJobExecution*] with attribute [PROPAGATION_REQUIRES_NEW,ISOLATION_SERIALIZABLE]
2019-05-12 15:39:06,988 INFO o.s.b.c.l.s.SimpleJobLauncher#afterPropertiesSet [main] No TaskExecutor has been set, defaulting to synchronous executor.
2019-05-12 15:39:07,243 INFO j.d.c.s.ApplicationMain#logStarted [main] Started ApplicationMain in 3.906 seconds (JVM running for 5.171)
2019-05-12 15:39:07,294 INFO o.s.b.c.l.s.SimpleJobLauncher#run [main] Job: [SimpleJob: [name=defaultJob]] launched with the following parameters: [{run.id=1, -spring.batch.job.enabled=true, -spring.batch.job.names=defaultJob}]
2019-05-12 15:39:07,304 INFO o.s.b.c.j.SimpleStepHandler#handleStep [main] Executing step: [defaultStep1]
2019-05-12 15:39:07,332 DEBUG o.s.j.d.DataSourceTransactionManager#getTransaction [main] Creating new transaction with name [jp.dip.cloudlet.springtest.tasklet.LocalDb1TransactionTestTasklet.execute]: PROPAGATION_REQUIRED,ISOLATION_DEFAULT; 'devdb1TransactionManager'
2019-05-12 15:39:07,334 INFO c.z.h.HikariDataSource#getConnection [main] HikariPool-1 - Starting...
2019-05-12 15:39:07,402 INFO c.z.h.HikariDataSource#getConnection [main] HikariPool-1 - Start completed.
2019-05-12 15:39:07,407 DEBUG o.s.j.d.DataSourceTransactionManager#doBegin [main] Acquired Connection [HikariProxyConnection@788761916 wrapping oracle.jdbc.driver.T4CConnection@7db162f2] for JDBC transaction
2019-05-12 15:39:07,409 DEBUG o.s.j.d.DataSourceTransactionManager#doBegin [main] Switching JDBC Connection [HikariProxyConnection@788761916 wrapping oracle.jdbc.driver.T4CConnection@7db162f2] to manual commit
2019-05-12 15:39:07,416 INFO j.d.c.s.t.LocalDb1TransactionTestTasklet#execute [main] ##### LocalDb1TransactionTestTasklet.execute ######
2019-05-12 15:39:07,416 INFO j.d.c.s.t.LocalDb1TransactionTestTasklet#execute [main] ### contribution : [StepContribution: read=0, written=0, filtered=0, readSkips=0, writeSkips=0, processSkips=0, exitStatus=EXECUTING]
2019-05-12 15:39:07,417 INFO j.d.c.s.t.LocalDb1TransactionTestTasklet#execute [main] ### chunkContext : ChunkContext: attributes=[], complete=false, stepContext=SynchronizedAttributeAccessor: [], stepExecutionContext={batch.taskletType=jp.dip.cloudlet.springtest.tasklet.LocalDb1TransactionTestTasklet$$EnhancerBySpringCGLIB$$d4b7fc49, batch.stepType=org.springframework.batch.core.step.tasklet.TaskletStep}, jobExecutionContext={}, jobParameters={run.id=1, -spring.batch.job.enabled=true, -spring.batch.job.names=defaultJob}
2019-05-12 15:39:07,418 INFO j.d.c.s.t.LocalDb1TransactionTestTasklet#generateInitialParam [main] ### param = MyFunctestParam [rc=null, in1=20190512153907417, out1=null, out2=null]
2019-05-12 15:39:07,488 INFO j.d.c.s.t.LocalDb1TransactionTestTasklet#execute [main] ### result1 = MyFunctestParam [rc=0, in1=20190512153907417, out1=12, out2=INSERT MYTBL (20190512153907417,from MYFUNCTEST,13)]
2019-05-12 15:39:07,488 INFO j.d.c.s.t.LocalDb1TransactionTestTasklet#generateInitialParam [main] ### param = MyFunctestParam [rc=null, in1=20190512153907488, out1=null, out2=null]
2019-05-12 15:39:07,488 INFO j.d.c.s.t.LocalDb1TransactionTestTasklet#execute [main] ### result2 = MyFunctestParam [rc=0, in1=20190512153907488, out1=13, out2=INSERT MYTBL (20190512153907488,from MYFUNCTEST,14)]
2019-05-12 15:39:07,488 DEBUG o.s.j.d.DataSourceTransactionManager#processCommit [main] Initiating transaction commit
2019-05-12 15:39:07,488 DEBUG o.s.j.d.DataSourceTransactionManager#doCommit [main] Committing JDBC transaction on Connection [HikariProxyConnection@788761916 wrapping oracle.jdbc.driver.T4CConnection@7db162f2]
2019-05-12 15:39:07,488 DEBUG o.s.j.d.DataSourceTransactionManager#doCleanupAfterCompletion [main] Releasing JDBC Connection [HikariProxyConnection@788761916 wrapping oracle.jdbc.driver.T4CConnection@7db162f2] after transaction
2019-05-12 15:39:07,510 DEBUG o.s.j.d.DataSourceTransactionManager#cleanupAfterCompletion [main] Resuming suspended transaction after completion of inner transaction
2019-05-12 15:39:07,538 INFO o.s.b.c.j.SimpleStepHandler#handleStep [main] Executing step: [defaultStep2]
2019-05-12 15:39:07,543 DEBUG o.s.j.d.DataSourceTransactionManager#getTransaction [main] Creating new transaction with name [jp.dip.cloudlet.springtest.tasklet.LocalDb2TransactionTestTasklet.execute]: PROPAGATION_REQUIRED,ISOLATION_DEFAULT; 'devdb2TransactionManager'
2019-05-12 15:39:07,543 INFO c.z.h.HikariDataSource#getConnection [main] HikariPool-2 - Starting...
2019-05-12 15:39:07,557 INFO c.z.h.HikariDataSource#getConnection [main] HikariPool-2 - Start completed.
2019-05-12 15:39:07,558 DEBUG o.s.j.d.DataSourceTransactionManager#doBegin [main] Acquired Connection [HikariProxyConnection@354051480 wrapping com.ibm.db2.jcc.t4.b@6fa3def8] for JDBC transaction
2019-05-12 15:39:07,558 DEBUG o.s.j.d.DataSourceTransactionManager#doBegin [main] Switching JDBC Connection [HikariProxyConnection@354051480 wrapping com.ibm.db2.jcc.t4.b@6fa3def8] to manual commit
2019-05-12 15:39:07,567 INFO j.d.c.s.t.LocalDb2TransactionTestTasklet#execute [main] ##### LocalDb2TransactionTestTasklet.execute ######
2019-05-12 15:39:07,568 INFO j.d.c.s.t.LocalDb2TransactionTestTasklet#execute [main] ### contribution : [StepContribution: read=0, written=0, filtered=0, readSkips=0, writeSkips=0, processSkips=0, exitStatus=EXECUTING]
2019-05-12 15:39:07,568 INFO j.d.c.s.t.LocalDb2TransactionTestTasklet#execute [main] ### chunkContext : ChunkContext: attributes=[], complete=false, stepContext=SynchronizedAttributeAccessor: [], stepExecutionContext={batch.taskletType=jp.dip.cloudlet.springtest.tasklet.LocalDb2TransactionTestTasklet$$EnhancerBySpringCGLIB$$91218ac, batch.stepType=org.springframework.batch.core.step.tasklet.TaskletStep}, jobExecutionContext={}, jobParameters={run.id=1, -spring.batch.job.enabled=true, -spring.batch.job.names=defaultJob}
2019-05-12 15:39:07,570 INFO j.d.c.s.t.LocalDb2TransactionTestTasklet#execute [main] ### param = Db2MetaGetTest{id='jQVMGVxEWt', name='DUMMY NAME', num=463, fchar='‚QƒoƒCƒg•¶Žš'}
2019-05-12 15:39:07,621 INFO j.d.c.s.t.LocalDb2TransactionTestTasklet#execute [main] ### Db2MetaGetTest(after insert) = Db2MetaGetTest{id='jQVMGVxEWt', name='DUMMY NAME', num=463, fchar='‚QƒoƒCƒg•¶Žš              '}
2019-05-12 15:39:07,622 DEBUG o.s.j.d.DataSourceTransactionManager#processCommit [main] Initiating transaction commit
2019-05-12 15:39:07,622 DEBUG o.s.j.d.DataSourceTransactionManager#doCommit [main] Committing JDBC transaction on Connection [HikariProxyConnection@354051480 wrapping com.ibm.db2.jcc.t4.b@6fa3def8]
2019-05-12 15:39:07,623 DEBUG o.s.j.d.DataSourceTransactionManager#doCleanupAfterCompletion [main] Releasing JDBC Connection [HikariProxyConnection@354051480 wrapping com.ibm.db2.jcc.t4.b@6fa3def8] after transaction
2019-05-12 15:39:07,624 DEBUG o.s.j.d.DataSourceTransactionManager#cleanupAfterCompletion [main] Resuming suspended transaction after completion of inner transaction
2019-05-12 15:39:07,645 INFO o.s.b.c.j.SimpleStepHandler#handleStep [main] Executing step: [defaultStep3]
2019-05-12 15:39:07,647 INFO j.d.c.s.t.XaDbTransactionTestTasklet#execute [main] ##### XaDbTransactionTestTasklet.execute ######
2019-05-12 15:39:07,648 INFO j.d.c.s.t.XaDbTransactionTestTasklet#execute [main] ### contribution : [StepContribution: read=0, written=0, filtered=0, readSkips=0, writeSkips=0, processSkips=0, exitStatus=EXECUTING]
2019-05-12 15:39:07,648 INFO j.d.c.s.t.XaDbTransactionTestTasklet#execute [main] ### chunkContext : ChunkContext: attributes=[], complete=false, stepContext=SynchronizedAttributeAccessor: [], stepExecutionContext={batch.taskletType=jp.dip.cloudlet.springtest.tasklet.XaDbTransactionTestTasklet, batch.stepType=org.springframework.batch.core.step.tasklet.TaskletStep}, jobExecutionContext={}, jobParameters={run.id=1, -spring.batch.job.enabled=true, -spring.batch.job.names=defaultJob}
2019-05-12 15:39:07,649 DEBUG o.s.t.j.JtaTransactionManager#getTransaction [main] Creating new transaction with name [null]: PROPAGATION_REQUIRED,ISOLATION_DEFAULT
2019-05-12 15:39:07,695 INFO j.d.c.s.t.XaDbTransactionTestTasklet#generateInitialParam [main] ### param = MyFunctestParam [rc=null, in1=20190512153907695, out1=null, out2=null]
2019-05-12 15:39:07,696 DEBUG o.s.j.d.DataSourceUtils#doGetConnection [main] Fetching JDBC Connection from DataSource
2019-05-12 15:39:07,696 DEBUG c.a.j.AbstractDataSourceBean#logDebug [main] AtomikosDataSoureBean 'XaDb1DataSource': getConnection()...
2019-05-12 15:39:07,697 INFO c.a.j.AbstractDataSourceBean#logInfo [main] AtomikosDataSoureBean 'XaDb1DataSource': init...
2019-05-12 15:39:07,704 DEBUG c.a.j.JdbcConnectionProxyHelper#logDebug [main] setting isolation level to 2
2019-05-12 15:39:07,798 DEBUG c.a.j.AtomikosConnectionProxy#logDebug [main] atomikos connection proxy for oracle.jdbc.driver.LogicalConnection@70421a08: calling getAutoCommit...
2019-05-12 15:39:07,806 DEBUG c.a.j.AtomikosConnectionProxy#logDebug [main] atomikos connection proxy for oracle.jdbc.driver.LogicalConnection@70421a08: calling prepareCall({? = call MYFUNCTEST(?,?,?)})...
2019-05-12 15:39:07,808 INFO j.d.c.s.t.XaDbTransactionTestTasklet#generateInitialParam [main] ### param = MyFunctestParam [rc=null, in1=20190512153907808, out1=null, out2=null]
2019-05-12 15:39:07,809 DEBUG c.a.j.AtomikosConnectionProxy#logDebug [main] atomikos connection proxy for oracle.jdbc.driver.LogicalConnection@70421a08: calling prepareCall({? = call MYFUNCTEST(?,?,?)})...
2019-05-12 15:39:07,811 INFO j.d.c.s.t.XaDbTransactionTestTasklet#execute [main] ### xaDb2MetaGetTestMapper param = Db2MetaGetTest{id='BlNVG3WHXF', name='XATEST NAME', num=600, fchar='‚w‚`‚QƒoƒCƒg•¶Žš'}
2019-05-12 15:39:07,812 DEBUG o.s.j.d.DataSourceUtils#doGetConnection [main] Fetching JDBC Connection from DataSource
2019-05-12 15:39:07,812 DEBUG c.a.j.AbstractDataSourceBean#logDebug [main] AtomikosDataSoureBean 'XaDb2DataSource': getConnection()...
2019-05-12 15:39:07,812 INFO c.a.j.AbstractDataSourceBean#logInfo [main] AtomikosDataSoureBean 'XaDb2DataSource': init...
2019-05-12 15:39:07,814 DEBUG c.a.j.JdbcConnectionProxyHelper#logDebug [main] setting isolation level to 2
2019-05-12 15:39:07,832 DEBUG c.a.j.AtomikosConnectionProxy#logDebug [main] atomikos connection proxy for com.ibm.db2.jcc.am.dt@3fd9e01c: calling getAutoCommit...
2019-05-12 15:39:07,832 DEBUG c.a.j.AtomikosConnectionProxy#logDebug [main] atomikos connection proxy for com.ibm.db2.jcc.am.dt@3fd9e01c: calling prepareStatement(select id, name, num, NCHAR(fchar) as fchar from DB2_META_GET_TEST where id = ?)...
2019-05-12 15:39:07,835 DEBUG c.a.j.AtomikosConnectionProxy#logDebug [main] atomikos connection proxy for com.ibm.db2.jcc.am.dt@3fd9e01c: calling prepareStatement(insert into DB2_META_GET_TEST (id, name, num, fchar) values (?, ?, ?, ?))...
2019-05-12 15:39:07,838 INFO j.d.c.s.t.XaDbTransactionTestTasklet#execute [main] ### xaTestMapper param = Xatest{id='roCkiXoU7l', name='20190512153907838'}
2019-05-12 15:39:07,839 DEBUG o.s.j.d.DataSourceUtils#doGetConnection [main] Fetching JDBC Connection from DataSource
2019-05-12 15:39:07,839 DEBUG c.a.j.AbstractDataSourceBean#logDebug [main] AtomikosDataSoureBean 'XaDb3DataSource': getConnection()...
2019-05-12 15:39:07,839 INFO c.a.j.AbstractDataSourceBean#logInfo [main] AtomikosDataSoureBean 'XaDb3DataSource': init...
2019-05-12 15:39:07,840 DEBUG c.a.j.JdbcConnectionProxyHelper#logDebug [main] setting isolation level to 2
2019-05-12 15:39:07,846 DEBUG c.a.j.AtomikosConnectionProxy#logDebug [main] atomikos connection proxy for conn1: url=jdbc:h2:./.h2db/xatestdb user=SA: calling getAutoCommit...
2019-05-12 15:39:07,847 DEBUG c.a.j.AtomikosConnectionProxy#logDebug [main] atomikos connection proxy for conn1: url=jdbc:h2:./.h2db/xatestdb user=SA: calling prepareStatement(INSERT INTO xatest (id, name) VALUES (?,?))...
2019-05-12 15:39:07,855 DEBUG c.a.j.AtomikosConnectionProxy#logDebug [main] atomikos connection proxy for oracle.jdbc.driver.LogicalConnection@70421a08: close()...
2019-05-12 15:39:07,856 DEBUG c.a.j.AtomikosConnectionProxy#logDebug [main] atomikos connection proxy for com.ibm.db2.jcc.am.dt@3fd9e01c: close()...
2019-05-12 15:39:07,857 DEBUG c.a.j.AtomikosConnectionProxy#logDebug [main] atomikos connection proxy for conn1: url=jdbc:h2:./.h2db/xatestdb user=SA: close()...
2019-05-12 15:39:07,857 DEBUG o.s.t.j.JtaTransactionManager#processCommit [main] Initiating transaction commit
2019-05-12 15:39:07,879 DEBUG o.s.t.j.JtaTransactionManager#cleanupAfterCompletion [main] Resuming suspended transaction after completion of inner transaction
2019-05-12 15:39:07,879 DEBUG o.s.t.j.JtaTransactionManager#getTransaction [main] Creating new transaction with name [null]: PROPAGATION_REQUIRED,ISOLATION_DEFAULT
2019-05-12 15:39:07,880 DEBUG o.s.j.d.DataSourceUtils#doGetConnection [main] Fetching JDBC Connection from DataSource
2019-05-12 15:39:07,881 DEBUG c.a.j.AbstractDataSourceBean#logDebug [main] AtomikosDataSoureBean 'XaDb1DataSource': getConnection()...
2019-05-12 15:39:07,881 INFO c.a.j.AbstractDataSourceBean#logInfo [main] AtomikosDataSoureBean 'XaDb1DataSource': init...
2019-05-12 15:39:07,882 DEBUG c.a.j.JdbcConnectionProxyHelper#logDebug [main] setting isolation level to 2
2019-05-12 15:39:07,882 DEBUG c.a.j.AtomikosConnectionProxy#logDebug [main] atomikos connection proxy for oracle.jdbc.driver.LogicalConnection@70421a08: calling getAutoCommit...
2019-05-12 15:39:07,883 DEBUG c.a.j.AtomikosConnectionProxy#logDebug [main] atomikos connection proxy for oracle.jdbc.driver.LogicalConnection@70421a08: calling prepareStatement(SELECT id, name, num FROM MYTBL WHERE id = ?)...
2019-05-12 15:39:07,886 INFO j.d.c.s.t.XaDbTransactionTestTasklet#lambda$execute$0 [main] ### xaFuncTestMapper result = MyTbl{id='20190512153907695', name='from MYFUNCTEST', num=15}
2019-05-12 15:39:07,886 DEBUG c.a.j.AtomikosConnectionProxy#logDebug [main] atomikos connection proxy for oracle.jdbc.driver.LogicalConnection@70421a08: calling prepareStatement(SELECT id, name, num FROM MYTBL WHERE id = ?)...
2019-05-12 15:39:07,888 INFO j.d.c.s.t.XaDbTransactionTestTasklet#lambda$execute$0 [main] ### xaFuncTestMapper result = MyTbl{id='20190512153907808', name='from MYFUNCTEST', num=16}
2019-05-12 15:39:07,888 DEBUG o.s.j.d.DataSourceUtils#doGetConnection [main] Fetching JDBC Connection from DataSource
2019-05-12 15:39:07,889 DEBUG c.a.j.AbstractDataSourceBean#logDebug [main] AtomikosDataSoureBean 'XaDb2DataSource': getConnection()...
2019-05-12 15:39:07,889 INFO c.a.j.AbstractDataSourceBean#logInfo [main] AtomikosDataSoureBean 'XaDb2DataSource': init...
2019-05-12 15:39:07,890 DEBUG c.a.j.JdbcConnectionProxyHelper#logDebug [main] setting isolation level to 2
2019-05-12 15:39:07,891 DEBUG c.a.j.AtomikosConnectionProxy#logDebug [main] atomikos connection proxy for com.ibm.db2.jcc.am.dt@3fd9e01c: calling getAutoCommit...
2019-05-12 15:39:07,891 DEBUG c.a.j.AtomikosConnectionProxy#logDebug [main] atomikos connection proxy for com.ibm.db2.jcc.am.dt@3fd9e01c: calling prepareStatement(select id, name, num, NCHAR(fchar) as fchar from DB2_META_GET_TEST where id = ?)...
2019-05-12 15:39:07,894 INFO j.d.c.s.t.XaDbTransactionTestTasklet#lambda$execute$1 [main] ### XaDb2MetaGetTestMapper result = Db2MetaGetTest{id='BlNVG3WHXF', name='XATEST NAME', num=600, fchar='‚w‚`‚QƒoƒCƒg•¶Žš            '}
2019-05-12 15:39:07,895 DEBUG o.s.j.d.DataSourceUtils#doGetConnection [main] Fetching JDBC Connection from DataSource
2019-05-12 15:39:07,895 DEBUG c.a.j.AbstractDataSourceBean#logDebug [main] AtomikosDataSoureBean 'XaDb3DataSource': getConnection()...
2019-05-12 15:39:07,895 INFO c.a.j.AbstractDataSourceBean#logInfo [main] AtomikosDataSoureBean 'XaDb3DataSource': init...
2019-05-12 15:39:07,896 DEBUG c.a.j.JdbcConnectionProxyHelper#logDebug [main] setting isolation level to 2
2019-05-12 15:39:07,896 DEBUG c.a.j.AtomikosConnectionProxy#logDebug [main] atomikos connection proxy for conn1: url=jdbc:h2:./.h2db/xatestdb user=SA: calling getAutoCommit...
2019-05-12 15:39:07,897 DEBUG c.a.j.AtomikosConnectionProxy#logDebug [main] atomikos connection proxy for conn1: url=jdbc:h2:./.h2db/xatestdb user=SA: calling prepareStatement(SELECT id, name FROM xatest WHERE id = ?)...
2019-05-12 15:39:07,910 INFO j.d.c.s.t.XaDbTransactionTestTasklet#lambda$execute$3 [main] xaTestMapper result = [Xatest{id='roCkiXoU7l', name='20190512153907838'}]
2019-05-12 15:39:07,910 DEBUG c.a.j.AtomikosConnectionProxy#logDebug [main] atomikos connection proxy for oracle.jdbc.driver.LogicalConnection@70421a08: close()...
2019-05-12 15:39:07,911 DEBUG c.a.j.AtomikosConnectionProxy#logDebug [main] atomikos connection proxy for com.ibm.db2.jcc.am.dt@3fd9e01c: close()...
2019-05-12 15:39:07,911 DEBUG c.a.j.AtomikosConnectionProxy#logDebug [main] atomikos connection proxy for conn1: url=jdbc:h2:./.h2db/xatestdb user=SA: close()...
2019-05-12 15:39:07,912 DEBUG o.s.t.j.JtaTransactionManager#processCommit [main] Initiating transaction commit
2019-05-12 15:39:07,918 DEBUG o.s.t.j.JtaTransactionManager#cleanupAfterCompletion [main] Resuming suspended transaction after completion of inner transaction
2019-05-12 15:39:07,926 INFO o.s.b.c.l.s.SimpleJobLauncher#run [main] Job: [SimpleJob: [name=defaultJob]] completed with the following parameters: [{run.id=1, -spring.batch.job.enabled=true, -spring.batch.job.names=defaultJob}] and the following status: [COMPLETED]
